2024-05-17 19:24:41,668 [Worker-8: Loading available Gradle versions] INFO  o.e.b.c.i.u.g.PublishedGradleVersions - Gradle version information cache is out-of-date. Trying to update.
2024-05-17 19:27:50,599 [Worker-11: Import Getting Started Content] INFO  o.e.m.c.i.l.LifecycleMappingFactory - Using org.eclipse.m2e.jdt.JarLifecycleMapping lifecycle mapping for MavenProject: com.certus.edu:Crud:0.0.1-SNAPSHOT @ C:\Users\Rainer\Downloads\CrudAA2\Crud\pom.xml.
2024-05-17 19:27:53,478 [Worker-11: Import Getting Started Content] INFO  o.e.m.j.i.AbstractJavaProjectConfigurator - Adding source folder /Crud/src/main/java
2024-05-17 19:27:53,482 [Worker-11: Import Getting Started Content] INFO  o.e.m.j.i.AbstractJavaProjectConfigurator - Adding resource folder /Crud/src/main/resources
2024-05-17 19:27:53,495 [Worker-11: Import Getting Started Content] INFO  o.e.m.j.i.AbstractJavaProjectConfigurator - Adding resource folder /Crud/src/main/resources
2024-05-17 19:27:53,513 [Worker-11: Import Getting Started Content] INFO  o.e.m.j.i.AbstractJavaProjectConfigurator - Adding source folder /Crud/src/test/java
2024-05-17 19:27:53,516 [Worker-11: Import Getting Started Content] INFO  o.e.m.j.i.AbstractJavaProjectConfigurator - Adding resource folder /Crud/src/test/resources
2024-05-17 19:27:57,206 [Worker-11: Import Getting Started Content] INFO  o.e.m.c.i.p.ProjectConfigurationManager - Imported and configured 1 project(s) in 11 sec
2024-05-17 19:27:57,214 [Worker-11: Import Getting Started Content] INFO  o.e.m.c.i.p.ProjectConfigurationManager - Update started
2024-05-17 19:27:58,748 [Worker-11: Import Getting Started Content] INFO  o.e.m.c.i.l.LifecycleMappingFactory - Using org.eclipse.m2e.jdt.JarLifecycleMapping lifecycle mapping for MavenProject: com.certus.edu:Crud:0.0.1-SNAPSHOT @ C:\Users\Rainer\Downloads\CrudAA2\Crud\pom.xml.
2024-05-17 19:28:00,514 [Worker-11: Import Getting Started Content] INFO  o.e.m.j.i.AbstractJavaProjectConfigurator - Adding source folder /Crud/src/main/java
2024-05-17 19:28:00,516 [Worker-11: Import Getting Started Content] INFO  o.e.m.j.i.AbstractJavaProjectConfigurator - Adding resource folder /Crud/src/main/resources
2024-05-17 19:28:00,518 [Worker-11: Import Getting Started Content] INFO  o.e.m.j.i.AbstractJavaProjectConfigurator - Adding resource folder /Crud/src/main/resources
2024-05-17 19:28:00,520 [Worker-11: Import Getting Started Content] INFO  o.e.m.j.i.AbstractJavaProjectConfigurator - Adding source folder /Crud/src/test/java
2024-05-17 19:28:00,522 [Worker-11: Import Getting Started Content] INFO  o.e.m.j.i.AbstractJavaProjectConfigurator - Adding resource folder /Crud/src/test/resources
2024-05-17 19:28:02,132 [Worker-11: Import Getting Started Content] INFO  o.e.m.c.i.p.ProjectConfigurationManager - Update completed for 1 poms: local refresh takes 0,00 sec, refresh facades takes 3,00 sec, update config takes 0,00 sec 
2024-05-17 19:28:04,079 [Worker-6: Building] INFO  o.a.m.s.f.DefaultMavenResourcesFiltering - Copying 1 resource from src\main\resources to target\classes
2024-05-17 19:28:04,122 [Worker-6: Building] INFO  o.a.m.s.f.DefaultMavenResourcesFiltering - Copying 0 resource from src\main\resources to target\classes
2024-05-17 19:28:04,132 [Worker-6: Building] INFO  o.a.m.s.f.DefaultMavenResourcesFiltering - skip non existing resourceDirectory C:\Users\Rainer\Downloads\CrudAA2\Crud\src\test\resources
2024-05-17 19:28:28,341 [Worker-1: Building] INFO  o.a.m.s.f.DefaultMavenResourcesFiltering - Copying 1 resource from src\main\resources to target\classes
2024-05-17 19:28:28,345 [Worker-1: Building] INFO  o.a.m.s.f.DefaultMavenResourcesFiltering - Copying 0 resource from src\main\resources to target\classes
2024-05-17 19:28:28,354 [Worker-1: Building] INFO  o.a.m.s.f.DefaultMavenResourcesFiltering - Copying 0 resource from src\test\resources to target\test-classes
2024-05-17 19:28:35,735 [Worker-8: Building Project Crud] INFO  o.a.m.s.f.DefaultMavenResourcesFiltering - Copying 1 resource from src\main\resources to target\classes
2024-05-17 19:28:35,740 [Worker-8: Building Project Crud] INFO  o.a.m.s.f.DefaultMavenResourcesFiltering - Copying 0 resource from src\main\resources to target\classes
2024-05-17 19:28:35,747 [Worker-8: Building Project Crud] INFO  o.a.m.s.f.DefaultMavenResourcesFiltering - Copying 0 resource from src\test\resources to target\test-classes
2024-05-17 19:28:46,645 [Worker-6: Building Project Crud] INFO  o.a.m.s.f.DefaultMavenResourcesFiltering - Copying 1 resource from src\main\resources to target\classes
2024-05-17 19:28:46,648 [Worker-6: Building Project Crud] INFO  o.a.m.s.f.DefaultMavenResourcesFiltering - Copying 0 resource from src\main\resources to target\classes
2024-05-17 19:28:46,659 [Worker-6: Building Project Crud] INFO  o.a.m.s.f.DefaultMavenResourcesFiltering - Copying 0 resource from src\test\resources to target\test-classes
2024-05-17 19:29:38,489 [Worker-9: Building] INFO  o.e.m.c.i.l.LifecycleMappingFactory - Using org.eclipse.m2e.jdt.JarLifecycleMapping lifecycle mapping for MavenProject: com.certus.edu:Crud:0.0.1-SNAPSHOT @ C:\Users\Rainer\Downloads\CrudAA2\Crud\pom.xml.
2024-05-17 19:29:41,603 [Worker-9: Building] INFO  o.e.m.c.i.embedder.EclipseLogger - Using 'UTF-8' encoding to copy filtered resources.
2024-05-17 19:29:41,603 [Worker-9: Building] INFO  o.e.m.c.i.embedder.EclipseLogger - Using 'UTF-8' encoding to copy filtered properties files.
2024-05-17 19:29:41,604 [Worker-9: Building] INFO  o.e.m.c.i.embedder.EclipseLogger - Copying 1 resource
2024-05-17 19:29:41,629 [Worker-9: Building] INFO  o.e.m.c.i.embedder.EclipseLogger - Copying 0 resource
2024-05-17 19:29:41,637 [Worker-9: Building] INFO  o.e.m.c.i.embedder.EclipseLogger - Using 'UTF-8' encoding to copy filtered resources.
2024-05-17 19:29:41,637 [Worker-9: Building] INFO  o.e.m.c.i.embedder.EclipseLogger - Using 'UTF-8' encoding to copy filtered properties files.
2024-05-17 19:29:41,638 [Worker-9: Building] INFO  o.e.m.c.i.embedder.EclipseLogger - Copying 0 resource
2024-05-17 19:29:42,249 [Worker-4: Updating Maven Project] INFO  o.e.m.c.i.p.ProjectConfigurationManager - Update started
2024-05-17 19:29:42,987 [Worker-4: Updating Maven Project] INFO  o.e.m.c.i.l.LifecycleMappingFactory - Using org.eclipse.m2e.jdt.JarLifecycleMapping lifecycle mapping for MavenProject: com.certus.edu:Crud:0.0.1-SNAPSHOT @ C:\Users\Rainer\Downloads\CrudAA2\Crud\pom.xml.
2024-05-17 19:29:45,339 [Worker-4: Updating Maven Project] INFO  o.e.m.j.i.AbstractJavaProjectConfigurator - Adding source folder /Crud/src/main/java
2024-05-17 19:29:45,341 [Worker-4: Updating Maven Project] INFO  o.e.m.j.i.AbstractJavaProjectConfigurator - Adding resource folder /Crud/src/main/resources
2024-05-17 19:29:45,342 [Worker-4: Updating Maven Project] INFO  o.e.m.j.i.AbstractJavaProjectConfigurator - Adding resource folder /Crud/src/main/resources
2024-05-17 19:29:45,344 [Worker-4: Updating Maven Project] INFO  o.e.m.j.i.AbstractJavaProjectConfigurator - Adding source folder /Crud/src/test/java
2024-05-17 19:29:45,345 [Worker-4: Updating Maven Project] INFO  o.e.m.j.i.AbstractJavaProjectConfigurator - Adding resource folder /Crud/src/test/resources
2024-05-17 19:29:46,760 [Worker-4: Updating Maven Project] INFO  o.e.m.c.i.p.ProjectConfigurationManager - Update completed for 1 poms: local refresh takes 0,00 sec, refresh facades takes 2,00 sec, update config takes 1,00 sec 
2024-05-17 19:29:48,577 [Worker-11: Building] INFO  o.e.m.c.i.embedder.EclipseLogger - Using 'UTF-8' encoding to copy filtered resources.
2024-05-17 19:29:48,578 [Worker-11: Building] INFO  o.e.m.c.i.embedder.EclipseLogger - Using 'UTF-8' encoding to copy filtered properties files.
2024-05-17 19:29:48,578 [Worker-11: Building] INFO  o.e.m.c.i.embedder.EclipseLogger - Copying 1 resource
2024-05-17 19:29:48,606 [Worker-11: Building] INFO  o.e.m.c.i.embedder.EclipseLogger - Copying 0 resource
2024-05-17 19:29:48,615 [Worker-11: Building] INFO  o.e.m.c.i.embedder.EclipseLogger - Using 'UTF-8' encoding to copy filtered resources.
2024-05-17 19:29:48,615 [Worker-11: Building] INFO  o.e.m.c.i.embedder.EclipseLogger - Using 'UTF-8' encoding to copy filtered properties files.
2024-05-17 19:29:48,616 [Worker-11: Building] INFO  o.e.m.c.i.embedder.EclipseLogger - Copying 0 resource
2024-05-17 19:29:54,184 [Worker-4: Launching Executing install in C__Users_Rainer_Downloads_CrudAA2_Crud] INFO  o.eclipse.m2e.core.internal.Bundles - getClasspathEntries(Bundle=org.eclipse.m2e.maven.runtime_3.9.600.20231203-1234 [354])
2024-05-17 19:29:54,186 [Worker-4: Launching Executing install in C__Users_Rainer_Downloads_CrudAA2_Crud] INFO  o.eclipse.m2e.core.internal.Bundles - 	Entry: C:\Users\Rainer\Downloads\sts-4.22.0.RELEASE\plugins\org.eclipse.m2e.maven.runtime_3.9.600.20231203-1234
2024-05-17 19:29:54,187 [Worker-4: Launching Executing install in C__Users_Rainer_Downloads_CrudAA2_Crud] INFO  o.eclipse.m2e.core.internal.Bundles - 	Entry: C:\Users\Rainer\Downloads\sts-4.22.0.RELEASE\plugins\org.eclipse.m2e.maven.runtime_3.9.600.20231203-1234\jars\aopalliance-1.0.jar
2024-05-17 19:29:54,188 [Worker-4: Launching Executing install in C__Users_Rainer_Downloads_CrudAA2_Crud] INFO  o.eclipse.m2e.core.internal.Bundles - 	Entry: C:\Users\Rainer\Downloads\sts-4.22.0.RELEASE\plugins\org.eclipse.m2e.maven.runtime_3.9.600.20231203-1234\jars\guice-5.1.0.jar
2024-05-17 19:29:54,188 [Worker-4: Launching Executing install in C__Users_Rainer_Downloads_CrudAA2_Crud] INFO  o.eclipse.m2e.core.internal.Bundles - 	Entry: C:\Users\Rainer\Downloads\sts-4.22.0.RELEASE\plugins\org.eclipse.m2e.maven.runtime_3.9.600.20231203-1234\jars\httpclient-4.5.14.jar
2024-05-17 19:29:54,189 [Worker-4: Launching Executing install in C__Users_Rainer_Downloads_CrudAA2_Crud] INFO  o.eclipse.m2e.core.internal.Bundles - 	Entry: C:\Users\Rainer\Downloads\sts-4.22.0.RELEASE\plugins\org.eclipse.m2e.maven.runtime_3.9.600.20231203-1234\jars\httpcore-4.4.16.jar
2024-05-17 19:29:54,189 [Worker-4: Launching Executing install in C__Users_Rainer_Downloads_CrudAA2_Crud] INFO  o.eclipse.m2e.core.internal.Bundles - 	Entry: C:\Users\Rainer\Downloads\sts-4.22.0.RELEASE\plugins\org.eclipse.m2e.maven.runtime_3.9.600.20231203-1234\jars\jansi-2.4.0.jar
2024-05-17 19:29:54,189 [Worker-4: Launching Executing install in C__Users_Rainer_Downloads_CrudAA2_Crud] INFO  o.eclipse.m2e.core.internal.Bundles - 	Entry: C:\Users\Rainer\Downloads\sts-4.22.0.RELEASE\plugins\org.eclipse.m2e.maven.runtime_3.9.600.20231203-1234\jars\jcl-over-slf4j-1.7.36.jar
2024-05-17 19:29:54,190 [Worker-4: Launching Executing install in C__Users_Rainer_Downloads_CrudAA2_Crud] INFO  o.eclipse.m2e.core.internal.Bundles - 	Entry: C:\Users\Rainer\Downloads\sts-4.22.0.RELEASE\plugins\org.eclipse.m2e.maven.runtime_3.9.600.20231203-1234\jars\maven-artifact-3.9.6.jar
2024-05-17 19:29:54,190 [Worker-4: Launching Executing install in C__Users_Rainer_Downloads_CrudAA2_Crud] INFO  o.eclipse.m2e.core.internal.Bundles - 	Entry: C:\Users\Rainer\Downloads\sts-4.22.0.RELEASE\plugins\org.eclipse.m2e.maven.runtime_3.9.600.20231203-1234\jars\maven-builder-support-3.9.6.jar
2024-05-17 19:29:54,191 [Worker-4: Launching Executing install in C__Users_Rainer_Downloads_CrudAA2_Crud] INFO  o.eclipse.m2e.core.internal.Bundles - 	Entry: C:\Users\Rainer\Downloads\sts-4.22.0.RELEASE\plugins\org.eclipse.m2e.maven.runtime_3.9.600.20231203-1234\jars\maven-compat-3.9.6.jar
2024-05-17 19:29:54,191 [Worker-4: Launching Executing install in C__Users_Rainer_Downloads_CrudAA2_Crud] INFO  o.eclipse.m2e.core.internal.Bundles - 	Entry: C:\Users\Rainer\Downloads\sts-4.22.0.RELEASE\plugins\org.eclipse.m2e.maven.runtime_3.9.600.20231203-1234\jars\maven-core-3.9.6.jar
2024-05-17 19:29:54,192 [Worker-4: Launching Executing install in C__Users_Rainer_Downloads_CrudAA2_Crud] INFO  o.eclipse.m2e.core.internal.Bundles - 	Entry: C:\Users\Rainer\Downloads\sts-4.22.0.RELEASE\plugins\org.eclipse.m2e.maven.runtime_3.9.600.20231203-1234\jars\maven-embedder-3.9.6.jar
2024-05-17 19:29:54,192 [Worker-4: Launching Executing install in C__Users_Rainer_Downloads_CrudAA2_Crud] INFO  o.eclipse.m2e.core.internal.Bundles - 	Entry: C:\Users\Rainer\Downloads\sts-4.22.0.RELEASE\plugins\org.eclipse.m2e.maven.runtime_3.9.600.20231203-1234\jars\maven-model-3.9.6.jar
2024-05-17 19:29:54,195 [Worker-4: Launching Executing install in C__Users_Rainer_Downloads_CrudAA2_Crud] INFO  o.eclipse.m2e.core.internal.Bundles - 	Entry: C:\Users\Rainer\Downloads\sts-4.22.0.RELEASE\plugins\org.eclipse.m2e.maven.runtime_3.9.600.20231203-1234\jars\maven-model-builder-3.9.6.jar
2024-05-17 19:29:54,196 [Worker-4: Launching Executing install in C__Users_Rainer_Downloads_CrudAA2_Crud] INFO  o.eclipse.m2e.core.internal.Bundles - 	Entry: C:\Users\Rainer\Downloads\sts-4.22.0.RELEASE\plugins\org.eclipse.m2e.maven.runtime_3.9.600.20231203-1234\jars\maven-plugin-api-3.9.6.jar
2024-05-17 19:29:54,196 [Worker-4: Launching Executing install in C__Users_Rainer_Downloads_CrudAA2_Crud] INFO  o.eclipse.m2e.core.internal.Bundles - 	Entry: C:\Users\Rainer\Downloads\sts-4.22.0.RELEASE\plugins\org.eclipse.m2e.maven.runtime_3.9.600.20231203-1234\jars\maven-repository-metadata-3.9.6.jar
2024-05-17 19:29:54,196 [Worker-4: Launching Executing install in C__Users_Rainer_Downloads_CrudAA2_Crud] INFO  o.eclipse.m2e.core.internal.Bundles - 	Entry: C:\Users\Rainer\Downloads\sts-4.22.0.RELEASE\plugins\org.eclipse.m2e.maven.runtime_3.9.600.20231203-1234\jars\maven-resolver-api-1.9.18.jar
2024-05-17 19:29:54,197 [Worker-4: Launching Executing install in C__Users_Rainer_Downloads_CrudAA2_Crud] INFO  o.eclipse.m2e.core.internal.Bundles - 	Entry: C:\Users\Rainer\Downloads\sts-4.22.0.RELEASE\plugins\org.eclipse.m2e.maven.runtime_3.9.600.20231203-1234\jars\maven-resolver-connector-basic-1.9.18.jar
2024-05-17 19:29:54,197 [Worker-4: Launching Executing install in C__Users_Rainer_Downloads_CrudAA2_Crud] INFO  o.eclipse.m2e.core.internal.Bundles - 	Entry: C:\Users\Rainer\Downloads\sts-4.22.0.RELEASE\plugins\org.eclipse.m2e.maven.runtime_3.9.600.20231203-1234\jars\maven-resolver-impl-1.9.18.jar
2024-05-17 19:29:54,198 [Worker-4: Launching Executing install in C__Users_Rainer_Downloads_CrudAA2_Crud] INFO  o.eclipse.m2e.core.internal.Bundles - 	Entry: C:\Users\Rainer\Downloads\sts-4.22.0.RELEASE\plugins\org.eclipse.m2e.maven.runtime_3.9.600.20231203-1234\jars\maven-resolver-named-locks-1.9.18.jar
2024-05-17 19:29:54,198 [Worker-4: Launching Executing install in C__Users_Rainer_Downloads_CrudAA2_Crud] INFO  o.eclipse.m2e.core.internal.Bundles - 	Entry: C:\Users\Rainer\Downloads\sts-4.22.0.RELEASE\plugins\org.eclipse.m2e.maven.runtime_3.9.600.20231203-1234\jars\maven-resolver-provider-3.9.6.jar
2024-05-17 19:29:54,199 [Worker-4: Launching Executing install in C__Users_Rainer_Downloads_CrudAA2_Crud] INFO  o.eclipse.m2e.core.internal.Bundles - 	Entry: C:\Users\Rainer\Downloads\sts-4.22.0.RELEASE\plugins\org.eclipse.m2e.maven.runtime_3.9.600.20231203-1234\jars\maven-resolver-spi-1.9.18.jar
2024-05-17 19:29:54,199 [Worker-4: Launching Executing install in C__Users_Rainer_Downloads_CrudAA2_Crud] INFO  o.eclipse.m2e.core.internal.Bundles - 	Entry: C:\Users\Rainer\Downloads\sts-4.22.0.RELEASE\plugins\org.eclipse.m2e.maven.runtime_3.9.600.20231203-1234\jars\maven-resolver-transport-file-1.9.18.jar
2024-05-17 19:29:54,200 [Worker-4: Launching Executing install in C__Users_Rainer_Downloads_CrudAA2_Crud] INFO  o.eclipse.m2e.core.internal.Bundles - 	Entry: C:\Users\Rainer\Downloads\sts-4.22.0.RELEASE\plugins\org.eclipse.m2e.maven.runtime_3.9.600.20231203-1234\jars\maven-resolver-transport-http-1.9.18.jar
2024-05-17 19:29:54,200 [Worker-4: Launching Executing install in C__Users_Rainer_Downloads_CrudAA2_Crud] INFO  o.eclipse.m2e.core.internal.Bundles - 	Entry: C:\Users\Rainer\Downloads\sts-4.22.0.RELEASE\plugins\org.eclipse.m2e.maven.runtime_3.9.600.20231203-1234\jars\maven-resolver-transport-wagon-1.9.18.jar
2024-05-17 19:29:54,200 [Worker-4: Launching Executing install in C__Users_Rainer_Downloads_CrudAA2_Crud] INFO  o.eclipse.m2e.core.internal.Bundles - 	Entry: C:\Users\Rainer\Downloads\sts-4.22.0.RELEASE\plugins\org.eclipse.m2e.maven.runtime_3.9.600.20231203-1234\jars\maven-resolver-util-1.9.18.jar
2024-05-17 19:29:54,201 [Worker-4: Launching Executing install in C__Users_Rainer_Downloads_CrudAA2_Crud] INFO  o.eclipse.m2e.core.internal.Bundles - 	Entry: C:\Users\Rainer\Downloads\sts-4.22.0.RELEASE\plugins\org.eclipse.m2e.maven.runtime_3.9.600.20231203-1234\jars\maven-settings-3.9.6.jar
2024-05-17 19:29:54,201 [Worker-4: Launching Executing install in C__Users_Rainer_Downloads_CrudAA2_Crud] INFO  o.eclipse.m2e.core.internal.Bundles - 	Entry: C:\Users\Rainer\Downloads\sts-4.22.0.RELEASE\plugins\org.eclipse.m2e.maven.runtime_3.9.600.20231203-1234\jars\maven-settings-builder-3.9.6.jar
2024-05-17 19:29:54,202 [Worker-4: Launching Executing install in C__Users_Rainer_Downloads_CrudAA2_Crud] INFO  o.eclipse.m2e.core.internal.Bundles - 	Entry: C:\Users\Rainer\Downloads\sts-4.22.0.RELEASE\plugins\org.eclipse.m2e.maven.runtime_3.9.600.20231203-1234\jars\maven-shared-utils-3.3.4.jar
2024-05-17 19:29:54,202 [Worker-4: Launching Executing install in C__Users_Rainer_Downloads_CrudAA2_Crud] INFO  o.eclipse.m2e.core.internal.Bundles - 	Entry: C:\Users\Rainer\Downloads\sts-4.22.0.RELEASE\plugins\org.eclipse.m2e.maven.runtime_3.9.600.20231203-1234\jars\org.eclipse.sisu.inject-0.9.0.M2.jar
2024-05-17 19:29:54,203 [Worker-4: Launching Executing install in C__Users_Rainer_Downloads_CrudAA2_Crud] INFO  o.eclipse.m2e.core.internal.Bundles - 	Entry: C:\Users\Rainer\Downloads\sts-4.22.0.RELEASE\plugins\org.eclipse.m2e.maven.runtime_3.9.600.20231203-1234\jars\org.eclipse.sisu.plexus-0.9.0.M2.jar
2024-05-17 19:29:54,203 [Worker-4: Launching Executing install in C__Users_Rainer_Downloads_CrudAA2_Crud] INFO  o.eclipse.m2e.core.internal.Bundles - 	Entry: C:\Users\Rainer\Downloads\sts-4.22.0.RELEASE\plugins\org.eclipse.m2e.maven.runtime_3.9.600.20231203-1234\jars\plexus-build-api-0.0.7.jar
2024-05-17 19:29:54,203 [Worker-4: Launching Executing install in C__Users_Rainer_Downloads_CrudAA2_Crud] INFO  o.eclipse.m2e.core.internal.Bundles - 	Entry: C:\Users\Rainer\Downloads\sts-4.22.0.RELEASE\plugins\org.eclipse.m2e.maven.runtime_3.9.600.20231203-1234\jars\plexus-cipher-2.0.jar
2024-05-17 19:29:54,204 [Worker-4: Launching Executing install in C__Users_Rainer_Downloads_CrudAA2_Crud] INFO  o.eclipse.m2e.core.internal.Bundles - 	Entry: C:\Users\Rainer\Downloads\sts-4.22.0.RELEASE\plugins\org.eclipse.m2e.maven.runtime_3.9.600.20231203-1234\jars\plexus-classworlds-2.7.0.jar
2024-05-17 19:29:54,204 [Worker-4: Launching Executing install in C__Users_Rainer_Downloads_CrudAA2_Crud] INFO  o.eclipse.m2e.core.internal.Bundles - 	Entry: C:\Users\Rainer\Downloads\sts-4.22.0.RELEASE\plugins\org.eclipse.m2e.maven.runtime_3.9.600.20231203-1234\jars\plexus-component-annotations-2.1.0.jar
2024-05-17 19:29:54,205 [Worker-4: Launching Executing install in C__Users_Rainer_Downloads_CrudAA2_Crud] INFO  o.eclipse.m2e.core.internal.Bundles - 	Entry: C:\Users\Rainer\Downloads\sts-4.22.0.RELEASE\plugins\org.eclipse.m2e.maven.runtime_3.9.600.20231203-1234\jars\plexus-interpolation-1.26.jar
2024-05-17 19:29:54,206 [Worker-4: Launching Executing install in C__Users_Rainer_Downloads_CrudAA2_Crud] INFO  o.eclipse.m2e.core.internal.Bundles - 	Entry: C:\Users\Rainer\Downloads\sts-4.22.0.RELEASE\plugins\org.eclipse.m2e.maven.runtime_3.9.600.20231203-1234\jars\plexus-sec-dispatcher-2.0.jar
2024-05-17 19:29:54,207 [Worker-4: Launching Executing install in C__Users_Rainer_Downloads_CrudAA2_Crud] INFO  o.eclipse.m2e.core.internal.Bundles - 	Entry: C:\Users\Rainer\Downloads\sts-4.22.0.RELEASE\plugins\org.eclipse.m2e.maven.runtime_3.9.600.20231203-1234\jars\plexus-utils-3.5.1.jar
2024-05-17 19:29:54,207 [Worker-4: Launching Executing install in C__Users_Rainer_Downloads_CrudAA2_Crud] INFO  o.eclipse.m2e.core.internal.Bundles - 	Entry: C:\Users\Rainer\Downloads\sts-4.22.0.RELEASE\plugins\org.eclipse.m2e.maven.runtime_3.9.600.20231203-1234\jars\wagon-file-3.5.3.jar
2024-05-17 19:29:54,207 [Worker-4: Launching Executing install in C__Users_Rainer_Downloads_CrudAA2_Crud] INFO  o.eclipse.m2e.core.internal.Bundles - 	Entry: C:\Users\Rainer\Downloads\sts-4.22.0.RELEASE\plugins\org.eclipse.m2e.maven.runtime_3.9.600.20231203-1234\jars\wagon-http-3.5.3.jar
2024-05-17 19:29:54,208 [Worker-4: Launching Executing install in C__Users_Rainer_Downloads_CrudAA2_Crud] INFO  o.eclipse.m2e.core.internal.Bundles - 	Entry: C:\Users\Rainer\Downloads\sts-4.22.0.RELEASE\plugins\org.eclipse.m2e.maven.runtime_3.9.600.20231203-1234\jars\wagon-http-shared-3.5.3.jar
2024-05-17 19:29:54,208 [Worker-4: Launching Executing install in C__Users_Rainer_Downloads_CrudAA2_Crud] INFO  o.eclipse.m2e.core.internal.Bundles - 	Entry: C:\Users\Rainer\Downloads\sts-4.22.0.RELEASE\plugins\org.eclipse.m2e.maven.runtime_3.9.600.20231203-1234\jars\wagon-provider-api-3.5.3.jar
2024-05-17 19:29:54,211 [Worker-4: Launching Executing install in C__Users_Rainer_Downloads_CrudAA2_Crud] INFO  o.eclipse.m2e.core.internal.Bundles - getClasspathEntries(Bundle=com.google.guava_33.0.0.jre [27])
2024-05-17 19:29:54,212 [Worker-4: Launching Executing install in C__Users_Rainer_Downloads_CrudAA2_Crud] INFO  o.eclipse.m2e.core.internal.Bundles - 	Entry: C:\Users\Rainer\Downloads\sts-4.22.0.RELEASE\plugins\com.google.guava_33.0.0.jre.jar
2024-05-17 19:29:54,212 [Worker-4: Launching Executing install in C__Users_Rainer_Downloads_CrudAA2_Crud] INFO  o.eclipse.m2e.core.internal.Bundles - getClasspathEntries(Bundle=slf4j.api_2.0.12 [583])
2024-05-17 19:29:54,213 [Worker-4: Launching Executing install in C__Users_Rainer_Downloads_CrudAA2_Crud] INFO  o.eclipse.m2e.core.internal.Bundles - 	Entry: C:\Users\Rainer\Downloads\sts-4.22.0.RELEASE\plugins\slf4j.api_2.0.12.jar
2024-05-17 19:29:54,213 [Worker-4: Launching Executing install in C__Users_Rainer_Downloads_CrudAA2_Crud] INFO  o.eclipse.m2e.core.internal.Bundles - getClasspathEntries(Bundle=jakarta.inject.jakarta.inject-api_1.0.5 [44])
2024-05-17 19:29:54,214 [Worker-4: Launching Executing install in C__Users_Rainer_Downloads_CrudAA2_Crud] INFO  o.eclipse.m2e.core.internal.Bundles - 	Entry: C:\Users\Rainer\Downloads\sts-4.22.0.RELEASE\plugins\jakarta.inject.jakarta.inject-api_1.0.5.jar
2024-05-17 19:29:54,215 [Worker-4: Launching Executing install in C__Users_Rainer_Downloads_CrudAA2_Crud] INFO  o.eclipse.m2e.core.internal.Bundles - getClasspathEntries(Bundle=jakarta.annotation-api_1.3.5 [40])
2024-05-17 19:29:54,215 [Worker-4: Launching Executing install in C__Users_Rainer_Downloads_CrudAA2_Crud] INFO  o.eclipse.m2e.core.internal.Bundles - 	Entry: C:\Users\Rainer\Downloads\sts-4.22.0.RELEASE\plugins\jakarta.annotation-api_1.3.5.jar
2024-05-17 19:29:54,216 [Worker-4: Launching Executing install in C__Users_Rainer_Downloads_CrudAA2_Crud] INFO  o.eclipse.m2e.core.internal.Bundles - getClasspathEntries(Bundle=org.apache.commons.cli_1.6.0 [75])
2024-05-17 19:29:54,216 [Worker-4: Launching Executing install in C__Users_Rainer_Downloads_CrudAA2_Crud] INFO  o.eclipse.m2e.core.internal.Bundles - 	Entry: C:\Users\Rainer\Downloads\sts-4.22.0.RELEASE\plugins\org.apache.commons.cli_1.6.0.jar
2024-05-17 19:29:54,217 [Worker-4: Launching Executing install in C__Users_Rainer_Downloads_CrudAA2_Crud] INFO  o.eclipse.m2e.core.internal.Bundles - getClasspathEntries(Bundle=org.apache.commons.commons-codec_1.16.0 [77])
2024-05-17 19:29:54,218 [Worker-4: Launching Executing install in C__Users_Rainer_Downloads_CrudAA2_Crud] INFO  o.eclipse.m2e.core.internal.Bundles - 	Entry: C:\Users\Rainer\Downloads\sts-4.22.0.RELEASE\plugins\org.apache.commons.commons-codec_1.16.0.jar
2024-05-17 19:29:54,218 [Worker-4: Launching Executing install in C__Users_Rainer_Downloads_CrudAA2_Crud] INFO  o.eclipse.m2e.core.internal.Bundles - getClasspathEntries(Bundle=org.apache.commons.lang3_3.14.0 [81])
2024-05-17 19:29:54,219 [Worker-4: Launching Executing install in C__Users_Rainer_Downloads_CrudAA2_Crud] INFO  o.eclipse.m2e.core.internal.Bundles - 	Entry: C:\Users\Rainer\Downloads\sts-4.22.0.RELEASE\plugins\org.apache.commons.lang3_3.14.0.jar
2024-05-17 19:29:54,219 [Worker-4: Launching Executing install in C__Users_Rainer_Downloads_CrudAA2_Crud] INFO  o.eclipse.m2e.core.internal.Bundles - getClasspathEntries(Bundle=com.google.guava.failureaccess_1.0.2 [29])
2024-05-17 19:29:54,220 [Worker-4: Launching Executing install in C__Users_Rainer_Downloads_CrudAA2_Crud] INFO  o.eclipse.m2e.core.internal.Bundles - 	Entry: C:\Users\Rainer\Downloads\sts-4.22.0.RELEASE\plugins\com.google.guava.failureaccess_1.0.2.jar
2024-05-17 19:29:54,237 [Worker-4: Launching Executing install in C__Users_Rainer_Downloads_CrudAA2_Crud] INFO  o.e.m.i.launch.MavenLaunchDelegate - Run build in "C:\Users\Rainer\Downloads\CrudAA2\Crud":
2024-05-17 19:29:54,246 [Worker-4: Launching Executing install in C__Users_Rainer_Downloads_CrudAA2_Crud] INFO  o.e.m.i.launch.MavenLaunchDelegate -  mvn  -Ppom.xml -B -Dstyle.color=always install
2024-05-17 19:52:57,221 [Worker-23: Building] INFO  o.e.m.c.i.embedder.EclipseLogger - Using 'UTF-8' encoding to copy filtered resources.
2024-05-17 19:52:57,221 [Worker-23: Building] INFO  o.e.m.c.i.embedder.EclipseLogger - Using 'UTF-8' encoding to copy filtered properties files.
2024-05-17 19:52:57,225 [Worker-23: Building] INFO  o.e.m.c.i.embedder.EclipseLogger - Copying 1 resource
2024-05-17 19:52:57,238 [Worker-23: Building] INFO  o.e.m.c.i.embedder.EclipseLogger - Copying 0 resource
2024-05-17 19:52:57,244 [Worker-23: Building] INFO  o.e.m.c.i.embedder.EclipseLogger - Using 'UTF-8' encoding to copy filtered resources.
2024-05-17 19:52:57,270 [Worker-23: Building] INFO  o.e.m.c.i.embedder.EclipseLogger - Using 'UTF-8' encoding to copy filtered properties files.
2024-05-17 19:52:57,273 [Worker-23: Building] INFO  o.e.m.c.i.embedder.EclipseLogger - Copying 0 resource
2024-05-17 20:05:20,123 [Worker-26: Building] INFO  o.e.m.c.i.embedder.EclipseLogger - Using 'UTF-8' encoding to copy filtered resources.
2024-05-17 20:05:20,124 [Worker-26: Building] INFO  o.e.m.c.i.embedder.EclipseLogger - Using 'UTF-8' encoding to copy filtered properties files.
2024-05-17 20:05:20,126 [Worker-26: Building] INFO  o.e.m.c.i.embedder.EclipseLogger - Copying 1 resource
2024-05-17 20:05:20,140 [Worker-26: Building] INFO  o.e.m.c.i.embedder.EclipseLogger - Copying 0 resource
2024-05-17 20:05:20,150 [Worker-26: Building] INFO  o.e.m.c.i.embedder.EclipseLogger - Using 'UTF-8' encoding to copy filtered resources.
2024-05-17 20:05:20,150 [Worker-26: Building] INFO  o.e.m.c.i.embedder.EclipseLogger - Using 'UTF-8' encoding to copy filtered properties files.
2024-05-17 20:05:20,152 [Worker-26: Building] INFO  o.e.m.c.i.embedder.EclipseLogger - Copying 0 resource
2024-05-17 20:07:38,434 [Worker-31: Building] INFO  o.e.m.c.i.embedder.EclipseLogger - Using 'UTF-8' encoding to copy filtered resources.
2024-05-17 20:07:38,434 [Worker-31: Building] INFO  o.e.m.c.i.embedder.EclipseLogger - Using 'UTF-8' encoding to copy filtered properties files.
2024-05-17 20:07:38,437 [Worker-31: Building] INFO  o.e.m.c.i.embedder.EclipseLogger - Copying 1 resource
2024-05-17 20:07:38,443 [Worker-31: Building] INFO  o.e.m.c.i.embedder.EclipseLogger - Copying 0 resource
2024-05-17 20:07:38,449 [Worker-31: Building] INFO  o.e.m.c.i.embedder.EclipseLogger - Using 'UTF-8' encoding to copy filtered resources.
2024-05-17 20:07:38,449 [Worker-31: Building] INFO  o.e.m.c.i.embedder.EclipseLogger - Using 'UTF-8' encoding to copy filtered properties files.
2024-05-17 20:07:38,450 [Worker-31: Building] INFO  o.e.m.c.i.embedder.EclipseLogger - Copying 0 resource
2024-05-17 20:07:46,130 [Worker-28: Building] INFO  o.e.m.c.i.embedder.EclipseLogger - Using 'UTF-8' encoding to copy filtered resources.
2024-05-17 20:07:46,130 [Worker-28: Building] INFO  o.e.m.c.i.embedder.EclipseLogger - Using 'UTF-8' encoding to copy filtered properties files.
2024-05-17 20:07:46,131 [Worker-28: Building] INFO  o.e.m.c.i.embedder.EclipseLogger - Copying 1 resource
2024-05-17 20:07:46,140 [Worker-28: Building] INFO  o.e.m.c.i.embedder.EclipseLogger - Copying 0 resource
2024-05-17 20:07:46,146 [Worker-28: Building] INFO  o.e.m.c.i.embedder.EclipseLogger - Using 'UTF-8' encoding to copy filtered resources.
2024-05-17 20:07:46,146 [Worker-28: Building] INFO  o.e.m.c.i.embedder.EclipseLogger - Using 'UTF-8' encoding to copy filtered properties files.
2024-05-17 20:07:46,147 [Worker-28: Building] INFO  o.e.m.c.i.embedder.EclipseLogger - Copying 0 resource
2024-05-17 20:10:33,568 [Worker-27: Building] INFO  o.e.m.c.i.embedder.EclipseLogger - Using 'UTF-8' encoding to copy filtered resources.
2024-05-17 20:10:33,568 [Worker-27: Building] INFO  o.e.m.c.i.embedder.EclipseLogger - Using 'UTF-8' encoding to copy filtered properties files.
2024-05-17 20:10:33,572 [Worker-27: Building] INFO  o.e.m.c.i.embedder.EclipseLogger - Copying 1 resource
2024-05-17 20:10:33,586 [Worker-27: Building] INFO  o.e.m.c.i.embedder.EclipseLogger - Copying 0 resource
2024-05-17 20:10:33,596 [Worker-27: Building] INFO  o.e.m.c.i.embedder.EclipseLogger - Using 'UTF-8' encoding to copy filtered resources.
2024-05-17 20:10:33,597 [Worker-27: Building] INFO  o.e.m.c.i.embedder.EclipseLogger - Using 'UTF-8' encoding to copy filtered properties files.
2024-05-17 20:10:33,598 [Worker-27: Building] INFO  o.e.m.c.i.embedder.EclipseLogger - Copying 0 resource
2024-05-17 20:12:32,131 [Worker-29: Building] INFO  o.e.m.c.i.embedder.EclipseLogger - Using 'UTF-8' encoding to copy filtered resources.
2024-05-17 20:12:32,132 [Worker-29: Building] INFO  o.e.m.c.i.embedder.EclipseLogger - Using 'UTF-8' encoding to copy filtered properties files.
2024-05-17 20:12:32,133 [Worker-29: Building] INFO  o.e.m.c.i.embedder.EclipseLogger - Copying 1 resource
2024-05-17 20:12:32,140 [Worker-29: Building] INFO  o.e.m.c.i.embedder.EclipseLogger - Copying 0 resource
2024-05-17 20:12:32,146 [Worker-29: Building] INFO  o.e.m.c.i.embedder.EclipseLogger - Using 'UTF-8' encoding to copy filtered resources.
2024-05-17 20:12:32,147 [Worker-29: Building] INFO  o.e.m.c.i.embedder.EclipseLogger - Using 'UTF-8' encoding to copy filtered properties files.
2024-05-17 20:12:32,148 [Worker-29: Building] INFO  o.e.m.c.i.embedder.EclipseLogger - Copying 0 resource
2024-05-17 20:16:31,574 [Worker-26: Building] INFO  o.e.m.c.i.embedder.EclipseLogger - Using 'UTF-8' encoding to copy filtered resources.
2024-05-17 20:16:31,574 [Worker-26: Building] INFO  o.e.m.c.i.embedder.EclipseLogger - Using 'UTF-8' encoding to copy filtered properties files.
2024-05-17 20:16:31,576 [Worker-26: Building] INFO  o.e.m.c.i.embedder.EclipseLogger - Copying 1 resource
2024-05-17 20:16:31,585 [Worker-26: Building] INFO  o.e.m.c.i.embedder.EclipseLogger - Copying 0 resource
2024-05-17 20:16:31,593 [Worker-26: Building] INFO  o.e.m.c.i.embedder.EclipseLogger - Using 'UTF-8' encoding to copy filtered resources.
2024-05-17 20:16:31,593 [Worker-26: Building] INFO  o.e.m.c.i.embedder.EclipseLogger - Using 'UTF-8' encoding to copy filtered properties files.
2024-05-17 20:16:31,594 [Worker-26: Building] INFO  o.e.m.c.i.embedder.EclipseLogger - Copying 0 resource
2024-05-17 20:17:05,016 [Worker-28: Building] INFO  o.e.m.c.i.embedder.EclipseLogger - Using 'UTF-8' encoding to copy filtered resources.
2024-05-17 20:17:05,016 [Worker-28: Building] INFO  o.e.m.c.i.embedder.EclipseLogger - Using 'UTF-8' encoding to copy filtered properties files.
2024-05-17 20:17:05,018 [Worker-28: Building] INFO  o.e.m.c.i.embedder.EclipseLogger - Copying 1 resource
2024-05-17 20:17:05,028 [Worker-28: Building] INFO  o.e.m.c.i.embedder.EclipseLogger - Copying 0 resource
2024-05-17 20:17:05,034 [Worker-28: Building] INFO  o.e.m.c.i.embedder.EclipseLogger - Using 'UTF-8' encoding to copy filtered resources.
2024-05-17 20:17:05,034 [Worker-28: Building] INFO  o.e.m.c.i.embedder.EclipseLogger - Using 'UTF-8' encoding to copy filtered properties files.
2024-05-17 20:17:05,036 [Worker-28: Building] INFO  o.e.m.c.i.embedder.EclipseLogger - Copying 0 resource
2024-05-17 20:17:09,796 [Worker-27: Building] INFO  o.e.m.c.i.embedder.EclipseLogger - Using 'UTF-8' encoding to copy filtered resources.
2024-05-17 20:17:09,796 [Worker-27: Building] INFO  o.e.m.c.i.embedder.EclipseLogger - Using 'UTF-8' encoding to copy filtered properties files.
2024-05-17 20:17:09,798 [Worker-27: Building] INFO  o.e.m.c.i.embedder.EclipseLogger - Copying 1 resource
2024-05-17 20:17:09,809 [Worker-27: Building] INFO  o.e.m.c.i.embedder.EclipseLogger - Copying 0 resource
2024-05-17 20:17:09,814 [Worker-27: Building] INFO  o.e.m.c.i.embedder.EclipseLogger - Using 'UTF-8' encoding to copy filtered resources.
2024-05-17 20:17:09,815 [Worker-27: Building] INFO  o.e.m.c.i.embedder.EclipseLogger - Using 'UTF-8' encoding to copy filtered properties files.
2024-05-17 20:17:09,816 [Worker-27: Building] INFO  o.e.m.c.i.embedder.EclipseLogger - Copying 0 resource
2024-05-17 20:18:57,566 [Worker-31: Building] INFO  o.e.m.c.i.embedder.EclipseLogger - Using 'UTF-8' encoding to copy filtered resources.
2024-05-17 20:18:57,566 [Worker-31: Building] INFO  o.e.m.c.i.embedder.EclipseLogger - Using 'UTF-8' encoding to copy filtered properties files.
2024-05-17 20:18:57,568 [Worker-31: Building] INFO  o.e.m.c.i.embedder.EclipseLogger - Copying 1 resource
2024-05-17 20:18:57,579 [Worker-31: Building] INFO  o.e.m.c.i.embedder.EclipseLogger - Copying 0 resource
2024-05-17 20:18:57,586 [Worker-31: Building] INFO  o.e.m.c.i.embedder.EclipseLogger - Using 'UTF-8' encoding to copy filtered resources.
2024-05-17 20:18:57,586 [Worker-31: Building] INFO  o.e.m.c.i.embedder.EclipseLogger - Using 'UTF-8' encoding to copy filtered properties files.
2024-05-17 20:18:57,588 [Worker-31: Building] INFO  o.e.m.c.i.embedder.EclipseLogger - Copying 0 resource
2024-05-17 20:19:38,023 [Worker-27: Building] INFO  o.e.m.c.i.embedder.EclipseLogger - Using 'UTF-8' encoding to copy filtered resources.
2024-05-17 20:19:38,023 [Worker-27: Building] INFO  o.e.m.c.i.embedder.EclipseLogger - Using 'UTF-8' encoding to copy filtered properties files.
2024-05-17 20:19:38,025 [Worker-27: Building] INFO  o.e.m.c.i.embedder.EclipseLogger - Copying 1 resource
2024-05-17 20:19:38,034 [Worker-27: Building] INFO  o.e.m.c.i.embedder.EclipseLogger - Copying 0 resource
2024-05-17 20:19:38,040 [Worker-27: Building] INFO  o.e.m.c.i.embedder.EclipseLogger - Using 'UTF-8' encoding to copy filtered resources.
2024-05-17 20:19:38,041 [Worker-27: Building] INFO  o.e.m.c.i.embedder.EclipseLogger - Using 'UTF-8' encoding to copy filtered properties files.
2024-05-17 20:19:38,042 [Worker-27: Building] INFO  o.e.m.c.i.embedder.EclipseLogger - Copying 0 resource
2024-05-17 20:52:04,380 [Worker-29: Building] INFO  o.e.m.c.i.embedder.EclipseLogger - Using 'UTF-8' encoding to copy filtered resources.
2024-05-17 20:52:04,381 [Worker-29: Building] INFO  o.e.m.c.i.embedder.EclipseLogger - Using 'UTF-8' encoding to copy filtered properties files.
2024-05-17 20:52:04,385 [Worker-29: Building] INFO  o.e.m.c.i.embedder.EclipseLogger - Copying 1 resource
2024-05-17 20:52:04,521 [Worker-29: Building] INFO  o.e.m.c.i.embedder.EclipseLogger - Copying 0 resource
2024-05-17 20:52:04,528 [Worker-29: Building] INFO  o.e.m.c.i.embedder.EclipseLogger - Using 'UTF-8' encoding to copy filtered resources.
2024-05-17 20:52:04,528 [Worker-29: Building] INFO  o.e.m.c.i.embedder.EclipseLogger - Using 'UTF-8' encoding to copy filtered properties files.
2024-05-17 20:52:04,529 [Worker-29: Building] INFO  o.e.m.c.i.embedder.EclipseLogger - Copying 0 resource
2024-05-17 20:55:46,585 [Worker-34: Building] INFO  o.e.m.c.i.embedder.EclipseLogger - Using 'UTF-8' encoding to copy filtered resources.
2024-05-17 20:55:46,585 [Worker-34: Building] INFO  o.e.m.c.i.embedder.EclipseLogger - Using 'UTF-8' encoding to copy filtered properties files.
2024-05-17 20:55:46,587 [Worker-34: Building] INFO  o.e.m.c.i.embedder.EclipseLogger - Copying 1 resource
2024-05-17 20:55:46,608 [Worker-34: Building] INFO  o.e.m.c.i.embedder.EclipseLogger - Copying 0 resource
2024-05-17 20:55:46,621 [Worker-34: Building] INFO  o.e.m.c.i.embedder.EclipseLogger - Using 'UTF-8' encoding to copy filtered resources.
2024-05-17 20:55:46,622 [Worker-34: Building] INFO  o.e.m.c.i.embedder.EclipseLogger - Using 'UTF-8' encoding to copy filtered properties files.
2024-05-17 20:55:46,623 [Worker-34: Building] INFO  o.e.m.c.i.embedder.EclipseLogger - Copying 0 resource
2024-05-17 21:06:35,694 [Worker-33: Building] INFO  o.e.m.c.i.embedder.EclipseLogger - Using 'UTF-8' encoding to copy filtered resources.
2024-05-17 21:06:35,694 [Worker-33: Building] INFO  o.e.m.c.i.embedder.EclipseLogger - Using 'UTF-8' encoding to copy filtered properties files.
2024-05-17 21:06:35,696 [Worker-33: Building] INFO  o.e.m.c.i.embedder.EclipseLogger - Copying 1 resource
2024-05-17 21:06:35,716 [Worker-33: Building] INFO  o.e.m.c.i.embedder.EclipseLogger - Copying 0 resource
2024-05-17 21:06:35,722 [Worker-33: Building] INFO  o.e.m.c.i.embedder.EclipseLogger - Using 'UTF-8' encoding to copy filtered resources.
2024-05-17 21:06:35,722 [Worker-33: Building] INFO  o.e.m.c.i.embedder.EclipseLogger - Using 'UTF-8' encoding to copy filtered properties files.
2024-05-17 21:06:35,723 [Worker-33: Building] INFO  o.e.m.c.i.embedder.EclipseLogger - Copying 0 resource
2024-05-17 21:10:29,806 [Worker-36: Building] INFO  o.e.m.c.i.embedder.EclipseLogger - Using 'UTF-8' encoding to copy filtered resources.
2024-05-17 21:10:29,806 [Worker-36: Building] INFO  o.e.m.c.i.embedder.EclipseLogger - Using 'UTF-8' encoding to copy filtered properties files.
2024-05-17 21:10:29,808 [Worker-36: Building] INFO  o.e.m.c.i.embedder.EclipseLogger - Copying 1 resource
2024-05-17 21:10:29,816 [Worker-36: Building] INFO  o.e.m.c.i.embedder.EclipseLogger - Copying 0 resource
2024-05-17 21:10:29,821 [Worker-36: Building] INFO  o.e.m.c.i.embedder.EclipseLogger - Using 'UTF-8' encoding to copy filtered resources.
2024-05-17 21:10:29,822 [Worker-36: Building] INFO  o.e.m.c.i.embedder.EclipseLogger - Using 'UTF-8' encoding to copy filtered properties files.
2024-05-17 21:10:29,823 [Worker-36: Building] INFO  o.e.m.c.i.embedder.EclipseLogger - Copying 0 resource
2024-05-17 21:11:46,272 [Worker-37: Building] INFO  o.e.m.c.i.embedder.EclipseLogger - Using 'UTF-8' encoding to copy filtered resources.
2024-05-17 21:11:46,273 [Worker-37: Building] INFO  o.e.m.c.i.embedder.EclipseLogger - Using 'UTF-8' encoding to copy filtered properties files.
2024-05-17 21:11:46,274 [Worker-37: Building] INFO  o.e.m.c.i.embedder.EclipseLogger - Copying 1 resource
2024-05-17 21:11:46,281 [Worker-37: Building] INFO  o.e.m.c.i.embedder.EclipseLogger - Copying 0 resource
2024-05-17 21:11:46,285 [Worker-37: Building] INFO  o.e.m.c.i.embedder.EclipseLogger - Using 'UTF-8' encoding to copy filtered resources.
2024-05-17 21:11:46,286 [Worker-37: Building] INFO  o.e.m.c.i.embedder.EclipseLogger - Using 'UTF-8' encoding to copy filtered properties files.
2024-05-17 21:11:46,287 [Worker-37: Building] INFO  o.e.m.c.i.embedder.EclipseLogger - Copying 0 resource
2024-05-17 21:12:43,810 [Worker-36: Building] INFO  o.e.m.c.i.embedder.EclipseLogger - Using 'UTF-8' encoding to copy filtered resources.
2024-05-17 21:12:43,810 [Worker-36: Building] INFO  o.e.m.c.i.embedder.EclipseLogger - Using 'UTF-8' encoding to copy filtered properties files.
2024-05-17 21:12:43,813 [Worker-36: Building] INFO  o.e.m.c.i.embedder.EclipseLogger - Copying 1 resource
2024-05-17 21:12:43,827 [Worker-36: Building] INFO  o.e.m.c.i.embedder.EclipseLogger - Copying 0 resource
2024-05-17 21:12:43,834 [Worker-36: Building] INFO  o.e.m.c.i.embedder.EclipseLogger - Using 'UTF-8' encoding to copy filtered resources.
2024-05-17 21:12:43,834 [Worker-36: Building] INFO  o.e.m.c.i.embedder.EclipseLogger - Using 'UTF-8' encoding to copy filtered properties files.
2024-05-17 21:12:43,835 [Worker-36: Building] INFO  o.e.m.c.i.embedder.EclipseLogger - Copying 0 resource
2024-05-17 21:15:28,396 [Worker-42: Building] INFO  o.e.m.c.i.embedder.EclipseLogger - Using 'UTF-8' encoding to copy filtered resources.
2024-05-17 21:15:28,396 [Worker-42: Building] INFO  o.e.m.c.i.embedder.EclipseLogger - Using 'UTF-8' encoding to copy filtered properties files.
2024-05-17 21:15:28,398 [Worker-42: Building] INFO  o.e.m.c.i.embedder.EclipseLogger - Copying 1 resource
2024-05-17 21:15:28,417 [Worker-42: Building] INFO  o.e.m.c.i.embedder.EclipseLogger - Copying 0 resource
2024-05-17 21:15:28,422 [Worker-42: Building] INFO  o.e.m.c.i.embedder.EclipseLogger - Using 'UTF-8' encoding to copy filtered resources.
2024-05-17 21:15:28,422 [Worker-42: Building] INFO  o.e.m.c.i.embedder.EclipseLogger - Using 'UTF-8' encoding to copy filtered properties files.
2024-05-17 21:15:28,423 [Worker-42: Building] INFO  o.e.m.c.i.embedder.EclipseLogger - Copying 0 resource
2024-05-17 21:19:22,065 [Worker-43: Building] INFO  o.e.m.c.i.embedder.EclipseLogger - Using 'UTF-8' encoding to copy filtered resources.
2024-05-17 21:19:22,066 [Worker-43: Building] INFO  o.e.m.c.i.embedder.EclipseLogger - Using 'UTF-8' encoding to copy filtered properties files.
2024-05-17 21:19:22,068 [Worker-43: Building] INFO  o.e.m.c.i.embedder.EclipseLogger - Copying 1 resource
2024-05-17 21:19:22,080 [Worker-43: Building] INFO  o.e.m.c.i.embedder.EclipseLogger - Copying 0 resource
2024-05-17 21:19:22,085 [Worker-43: Building] INFO  o.e.m.c.i.embedder.EclipseLogger - Using 'UTF-8' encoding to copy filtered resources.
2024-05-17 21:19:22,085 [Worker-43: Building] INFO  o.e.m.c.i.embedder.EclipseLogger - Using 'UTF-8' encoding to copy filtered properties files.
2024-05-17 21:19:22,086 [Worker-43: Building] INFO  o.e.m.c.i.embedder.EclipseLogger - Copying 0 resource
2024-05-17 21:21:32,861 [Worker-43: Building] INFO  o.e.m.c.i.embedder.EclipseLogger - Using 'UTF-8' encoding to copy filtered resources.
2024-05-17 21:21:32,861 [Worker-43: Building] INFO  o.e.m.c.i.embedder.EclipseLogger - Using 'UTF-8' encoding to copy filtered properties files.
2024-05-17 21:21:32,863 [Worker-43: Building] INFO  o.e.m.c.i.embedder.EclipseLogger - Copying 0 resource
2024-05-17 21:21:32,865 [Worker-43: Building] INFO  o.e.m.c.i.embedder.EclipseLogger - Copying 1 resource
2024-05-17 21:21:32,874 [Worker-43: Building] INFO  o.e.m.c.i.embedder.EclipseLogger - Using 'UTF-8' encoding to copy filtered resources.
2024-05-17 21:21:32,874 [Worker-43: Building] INFO  o.e.m.c.i.embedder.EclipseLogger - Using 'UTF-8' encoding to copy filtered properties files.
2024-05-17 21:21:32,875 [Worker-43: Building] INFO  o.e.m.c.i.embedder.EclipseLogger - Copying 0 resource
2024-05-17 21:21:39,038 [Worker-43: Building] INFO  o.e.m.c.i.embedder.EclipseLogger - Using 'UTF-8' encoding to copy filtered resources.
2024-05-17 21:21:39,039 [Worker-43: Building] INFO  o.e.m.c.i.embedder.EclipseLogger - Using 'UTF-8' encoding to copy filtered properties files.
2024-05-17 21:21:39,041 [Worker-43: Building] INFO  o.e.m.c.i.embedder.EclipseLogger - Copying 1 resource
2024-05-17 21:21:39,051 [Worker-43: Building] INFO  o.e.m.c.i.embedder.EclipseLogger - Copying 1 resource
2024-05-17 21:21:39,057 [Worker-43: Building] INFO  o.e.m.c.i.embedder.EclipseLogger - Using 'UTF-8' encoding to copy filtered resources.
2024-05-17 21:21:39,058 [Worker-43: Building] INFO  o.e.m.c.i.embedder.EclipseLogger - Using 'UTF-8' encoding to copy filtered properties files.
2024-05-17 21:21:39,059 [Worker-43: Building] INFO  o.e.m.c.i.embedder.EclipseLogger - Copying 0 resource
2024-05-17 22:39:26,819 [Worker-50: Building] INFO  o.e.m.c.i.embedder.EclipseLogger - Using 'UTF-8' encoding to copy filtered resources.
2024-05-17 22:39:26,820 [Worker-50: Building] INFO  o.e.m.c.i.embedder.EclipseLogger - Using 'UTF-8' encoding to copy filtered properties files.
2024-05-17 22:39:26,823 [Worker-50: Building] INFO  o.e.m.c.i.embedder.EclipseLogger - Copying 0 resource
2024-05-17 22:39:26,825 [Worker-50: Building] INFO  o.e.m.c.i.embedder.EclipseLogger - Copying 1 resource
2024-05-17 22:39:26,840 [Worker-50: Building] INFO  o.e.m.c.i.embedder.EclipseLogger - Using 'UTF-8' encoding to copy filtered resources.
2024-05-17 22:39:26,840 [Worker-50: Building] INFO  o.e.m.c.i.embedder.EclipseLogger - Using 'UTF-8' encoding to copy filtered properties files.
2024-05-17 22:39:26,842 [Worker-50: Building] INFO  o.e.m.c.i.embedder.EclipseLogger - Copying 0 resource
2024-05-17 22:40:14,794 [Worker-50: Building] INFO  o.e.m.c.i.embedder.EclipseLogger - Using 'UTF-8' encoding to copy filtered resources.
2024-05-17 22:40:14,795 [Worker-50: Building] INFO  o.e.m.c.i.embedder.EclipseLogger - Using 'UTF-8' encoding to copy filtered properties files.
2024-05-17 22:40:14,796 [Worker-50: Building] INFO  o.e.m.c.i.embedder.EclipseLogger - Copying 0 resource
2024-05-17 22:40:14,797 [Worker-50: Building] INFO  o.e.m.c.i.embedder.EclipseLogger - Copying 1 resource
2024-05-17 22:40:14,804 [Worker-50: Building] INFO  o.e.m.c.i.embedder.EclipseLogger - Using 'UTF-8' encoding to copy filtered resources.
2024-05-17 22:40:14,804 [Worker-50: Building] INFO  o.e.m.c.i.embedder.EclipseLogger - Using 'UTF-8' encoding to copy filtered properties files.
2024-05-17 22:40:14,805 [Worker-50: Building] INFO  o.e.m.c.i.embedder.EclipseLogger - Copying 0 resource
